Starting ProductCategoryDaoTest on huiyongMacBook-Pro.local with PID 821 (started by renhuiyong in /Users/renhuiyong/IdeaProjects/wechat_shop)
No active profile set, falling back to default profiles: default
Refreshing org.springframework.web.context.support.GenericWebApplicationContext@70ed52de: startup date [Tue Dec 11 10:36:08 CST 2018]; root of context hierarchy
HV000001: Hibernate Validator 5.3.5.Final
Building JPA container EntityManagerFactory for persistence unit 'default'
HHH000204: Processing PersistenceUnitInfo [
	name: default
	...]
HHH000412: Hibernate Core {5.0.12.Final}
HHH000206: hibernate.properties not found
HHH000021: Bytecode provider name : javassist
HCANN000001: Hibernate Commons Annotations {5.0.1.Final}
HHH000400: Using dialect: org.hibernate.dialect.MySQL5Dialect
Initialized JPA EntityManagerFactory for persistence unit 'default'
Looking for @ControllerAdvice: org.springframework.web.context.support.GenericWebApplicationContext@70ed52de: startup date [Tue Dec 11 10:36:08 CST 2018]; root of context hierarchy
Mapped "{[/error]}" onto public org.springframework.http.ResponseEntity<java.util.Map<java.lang.String, java.lang.Object>> org.springframework.boot.autoconfigure.web.BasicErrorController.error(javax.servlet.http.HttpServletRequest)
Mapped "{[/error],produces=[text/html]}" onto public org.springframework.web.servlet.ModelAndView org.springframework.boot.autoconfigure.web.BasicErrorController.errorHtml(javax.servlet.http.HttpServletRequest,javax.servlet.http.HttpServletResponse)
Mapped URL path [/webjars/**] onto handler of type [class org.springframework.web.servlet.resource.ResourceHttpRequestHandler]
Mapped URL path [/**] onto handler of type [class org.springframework.web.servlet.resource.ResourceHttpRequestHandler]
Mapped URL path [/**/favicon.ico] onto handler of type [class org.springframework.web.servlet.resource.ResourceHttpRequestHandler]
Started ProductCategoryDaoTest in 18.802 seconds (JVM running for 19.498)
HHH000397: Using ASTQueryTranslatorFactory
Closing org.springframework.web.context.support.GenericWebApplicationContext@70ed52de: startup date [Tue Dec 11 10:36:08 CST 2018]; root of context hierarchy
Closing JPA EntityManagerFactory for persistence unit 'default'
Starting ProductCategoryDaoTest on huiyongMacBook-Pro.local with PID 826 (started by renhuiyong in /Users/renhuiyong/IdeaProjects/wechat_shop)
No active profile set, falling back to default profiles: default
Refreshing org.springframework.web.context.support.GenericWebApplicationContext@70ed52de: startup date [Tue Dec 11 10:36:46 CST 2018]; root of context hierarchy
HV000001: Hibernate Validator 5.3.5.Final
Starting ProductCategoryDaoTest on huiyongMacBook-Pro.local with PID 828 (started by renhuiyong in /Users/renhuiyong/IdeaProjects/wechat_shop)
No active profile set, falling back to default profiles: default
Refreshing org.springframework.web.context.support.GenericWebApplicationContext@70ed52de: startup date [Tue Dec 11 10:36:55 CST 2018]; root of context hierarchy
HV000001: Hibernate Validator 5.3.5.Final
Building JPA container EntityManagerFactory for persistence unit 'default'
HHH000204: Processing PersistenceUnitInfo [
	name: default
	...]
HHH000412: Hibernate Core {5.0.12.Final}
HHH000206: hibernate.properties not found
HHH000021: Bytecode provider name : javassist
HCANN000001: Hibernate Commons Annotations {5.0.1.Final}
HHH000400: Using dialect: org.hibernate.dialect.MySQL5Dialect
Initialized JPA EntityManagerFactory for persistence unit 'default'
Looking for @ControllerAdvice: org.springframework.web.context.support.GenericWebApplicationContext@70ed52de: startup date [Tue Dec 11 10:36:46 CST 2018]; root of context hierarchy
Mapped "{[/error]}" onto public org.springframework.http.ResponseEntity<java.util.Map<java.lang.String, java.lang.Object>> org.springframework.boot.autoconfigure.web.BasicErrorController.error(javax.servlet.http.HttpServletRequest)
Mapped "{[/error],produces=[text/html]}" onto public org.springframework.web.servlet.ModelAndView org.springframework.boot.autoconfigure.web.BasicErrorController.errorHtml(javax.servlet.http.HttpServletRequest,javax.servlet.http.HttpServletResponse)
Mapped URL path [/webjars/**] onto handler of type [class org.springframework.web.servlet.resource.ResourceHttpRequestHandler]
Mapped URL path [/**] onto handler of type [class org.springframework.web.servlet.resource.ResourceHttpRequestHandler]
Mapped URL path [/**/favicon.ico] onto handler of type [class org.springframework.web.servlet.resource.ResourceHttpRequestHandler]
Building JPA container EntityManagerFactory for persistence unit 'default'
HHH000204: Processing PersistenceUnitInfo [
	name: default
	...]
HHH000412: Hibernate Core {5.0.12.Final}
HHH000206: hibernate.properties not found
HHH000021: Bytecode provider name : javassist
HCANN000001: Hibernate Commons Annotations {5.0.1.Final}
HHH000400: Using dialect: org.hibernate.dialect.MySQL5Dialect
Initialized JPA EntityManagerFactory for persistence unit 'default'
Looking for @ControllerAdvice: org.springframework.web.context.support.GenericWebApplicationContext@70ed52de: startup date [Tue Dec 11 10:36:55 CST 2018]; root of context hierarchy
Mapped "{[/error]}" onto public org.springframework.http.ResponseEntity<java.util.Map<java.lang.String, java.lang.Object>> org.springframework.boot.autoconfigure.web.BasicErrorController.error(javax.servlet.http.HttpServletRequest)
Mapped "{[/error],produces=[text/html]}" onto public org.springframework.web.servlet.ModelAndView org.springframework.boot.autoconfigure.web.BasicErrorController.errorHtml(javax.servlet.http.HttpServletRequest,javax.servlet.http.HttpServletResponse)
Mapped URL path [/webjars/**] onto handler of type [class org.springframework.web.servlet.resource.ResourceHttpRequestHandler]
Mapped URL path [/**] onto handler of type [class org.springframework.web.servlet.resource.ResourceHttpRequestHandler]
Mapped URL path [/**/favicon.ico] onto handler of type [class org.springframework.web.servlet.resource.ResourceHttpRequestHandler]
Started ProductCategoryDaoTest in 18.07 seconds (JVM running for 18.927)
Closing org.springframework.web.context.support.GenericWebApplicationContext@70ed52de: startup date [Tue Dec 11 10:36:55 CST 2018]; root of context hierarchy
Closing JPA EntityManagerFactory for persistence unit 'default'
Starting ProductCategoryDaoTest on huiyongMacBook-Pro.local with PID 834 (started by renhuiyong in /Users/renhuiyong/IdeaProjects/wechat_shop)
No active profile set, falling back to default profiles: default
Refreshing org.springframework.web.context.support.GenericWebApplicationContext@70ed52de: startup date [Tue Dec 11 10:37:46 CST 2018]; root of context hierarchy
HV000001: Hibernate Validator 5.3.5.Final
Building JPA container EntityManagerFactory for persistence unit 'default'
HHH000204: Processing PersistenceUnitInfo [
	name: default
	...]
HHH000412: Hibernate Core {5.0.12.Final}
HHH000206: hibernate.properties not found
HHH000021: Bytecode provider name : javassist
HCANN000001: Hibernate Commons Annotations {5.0.1.Final}
HHH000400: Using dialect: org.hibernate.dialect.MySQL5Dialect
Initialized JPA EntityManagerFactory for persistence unit 'default'
Looking for @ControllerAdvice: org.springframework.web.context.support.GenericWebApplicationContext@70ed52de: startup date [Tue Dec 11 10:37:46 CST 2018]; root of context hierarchy
Mapped "{[/error]}" onto public org.springframework.http.ResponseEntity<java.util.Map<java.lang.String, java.lang.Object>> org.springframework.boot.autoconfigure.web.BasicErrorController.error(javax.servlet.http.HttpServletRequest)
Mapped "{[/error],produces=[text/html]}" onto public org.springframework.web.servlet.ModelAndView org.springframework.boot.autoconfigure.web.BasicErrorController.errorHtml(javax.servlet.http.HttpServletRequest,javax.servlet.http.HttpServletResponse)
Mapped URL path [/webjars/**] onto handler of type [class org.springframework.web.servlet.resource.ResourceHttpRequestHandler]
Mapped URL path [/**] onto handler of type [class org.springframework.web.servlet.resource.ResourceHttpRequestHandler]
Mapped URL path [/**/favicon.ico] onto handler of type [class org.springframework.web.servlet.resource.ResourceHttpRequestHandler]
Started ProductCategoryDaoTest in 18.339 seconds (JVM running for 19.156)
Closing org.springframework.web.context.support.GenericWebApplicationContext@70ed52de: startup date [Tue Dec 11 10:37:46 CST 2018]; root of context hierarchy
Closing JPA EntityManagerFactory for persistence unit 'default'
Starting ProductCategoryServiceImplTest on huiyongMacBook-Pro.local with PID 976 (started by renhuiyong in /Users/renhuiyong/IdeaProjects/wechat_shop)
No active profile set, falling back to default profiles: default
Refreshing org.springframework.web.context.support.GenericWebApplicationContext@6c284af: startup date [Tue Dec 11 12:06:20 CST 2018]; root of context hierarchy
HV000001: Hibernate Validator 5.3.5.Final
Building JPA container EntityManagerFactory for persistence unit 'default'
HHH000204: Processing PersistenceUnitInfo [
	name: default
	...]
HHH000412: Hibernate Core {5.0.12.Final}
HHH000206: hibernate.properties not found
HHH000021: Bytecode provider name : javassist
HCANN000001: Hibernate Commons Annotations {5.0.1.Final}
HHH000400: Using dialect: org.hibernate.dialect.MySQL5Dialect
Initialized JPA EntityManagerFactory for persistence unit 'default'
Looking for @ControllerAdvice: org.springframework.web.context.support.GenericWebApplicationContext@6c284af: startup date [Tue Dec 11 12:06:20 CST 2018]; root of context hierarchy
Mapped "{[/error]}" onto public org.springframework.http.ResponseEntity<java.util.Map<java.lang.String, java.lang.Object>> org.springframework.boot.autoconfigure.web.BasicErrorController.error(javax.servlet.http.HttpServletRequest)
Mapped "{[/error],produces=[text/html]}" onto public org.springframework.web.servlet.ModelAndView org.springframework.boot.autoconfigure.web.BasicErrorController.errorHtml(javax.servlet.http.HttpServletRequest,javax.servlet.http.HttpServletResponse)
Mapped URL path [/webjars/**] onto handler of type [class org.springframework.web.servlet.resource.ResourceHttpRequestHandler]
Mapped URL path [/**] onto handler of type [class org.springframework.web.servlet.resource.ResourceHttpRequestHandler]
Mapped URL path [/**/favicon.ico] onto handler of type [class org.springframework.web.servlet.resource.ResourceHttpRequestHandler]
Started ProductCategoryServiceImplTest in 24.31 seconds (JVM running for 24.963)
Closing org.springframework.web.context.support.GenericWebApplicationContext@6c284af: startup date [Tue Dec 11 12:06:20 CST 2018]; root of context hierarchy
Closing JPA EntityManagerFactory for persistence unit 'default'
Starting ProductCategoryServiceImplTest on huiyongMacBook-Pro.local with PID 1028 (started by renhuiyong in /Users/renhuiyong/IdeaProjects/wechat_shop)
No active profile set, falling back to default profiles: default
Refreshing org.springframework.web.context.support.GenericWebApplicationContext@57a78e3: startup date [Tue Dec 11 12:28:04 CST 2018]; root of context hierarchy
HV000001: Hibernate Validator 5.3.5.Final
Building JPA container EntityManagerFactory for persistence unit 'default'
HHH000204: Processing PersistenceUnitInfo [
	name: default
	...]
HHH000412: Hibernate Core {5.0.12.Final}
HHH000206: hibernate.properties not found
HHH000021: Bytecode provider name : javassist
HCANN000001: Hibernate Commons Annotations {5.0.1.Final}
HHH000400: Using dialect: org.hibernate.dialect.MySQL5Dialect
Initialized JPA EntityManagerFactory for persistence unit 'default'
Looking for @ControllerAdvice: org.springframework.web.context.support.GenericWebApplicationContext@57a78e3: startup date [Tue Dec 11 12:28:04 CST 2018]; root of context hierarchy
Mapped "{[/error]}" onto public org.springframework.http.ResponseEntity<java.util.Map<java.lang.String, java.lang.Object>> org.springframework.boot.autoconfigure.web.BasicErrorController.error(javax.servlet.http.HttpServletRequest)
Mapped "{[/error],produces=[text/html]}" onto public org.springframework.web.servlet.ModelAndView org.springframework.boot.autoconfigure.web.BasicErrorController.errorHtml(javax.servlet.http.HttpServletRequest,javax.servlet.http.HttpServletResponse)
Mapped URL path [/webjars/**] onto handler of type [class org.springframework.web.servlet.resource.ResourceHttpRequestHandler]
Mapped URL path [/**] onto handler of type [class org.springframework.web.servlet.resource.ResourceHttpRequestHandler]
Mapped URL path [/**/favicon.ico] onto handler of type [class org.springframework.web.servlet.resource.ResourceHttpRequestHandler]
Started ProductCategoryServiceImplTest in 17.28 seconds (JVM running for 17.971)
HHH000397: Using ASTQueryTranslatorFactory
SQL Error: 1048, SQLState: 23000
Closing org.springframework.web.context.support.GenericWebApplicationContext@57a78e3: startup date [Tue Dec 11 12:28:04 CST 2018]; root of context hierarchy
Closing JPA EntityManagerFactory for persistence unit 'default'
Starting ProductCategoryServiceImplTest on huiyongMacBook-Pro.local with PID 1037 (started by renhuiyong in /Users/renhuiyong/IdeaProjects/wechat_shop)
No active profile set, falling back to default profiles: default
Refreshing org.springframework.web.context.support.GenericWebApplicationContext@183ec003: startup date [Tue Dec 11 12:30:30 CST 2018]; root of context hierarchy
HV000001: Hibernate Validator 5.3.5.Final
Building JPA container EntityManagerFactory for persistence unit 'default'
HHH000204: Processing PersistenceUnitInfo [
	name: default
	...]
HHH000412: Hibernate Core {5.0.12.Final}
HHH000206: hibernate.properties not found
HHH000021: Bytecode provider name : javassist
HCANN000001: Hibernate Commons Annotations {5.0.1.Final}
HHH000400: Using dialect: org.hibernate.dialect.MySQL5Dialect
Initialized JPA EntityManagerFactory for persistence unit 'default'
Looking for @ControllerAdvice: org.springframework.web.context.support.GenericWebApplicationContext@183ec003: startup date [Tue Dec 11 12:30:30 CST 2018]; root of context hierarchy
Mapped "{[/error]}" onto public org.springframework.http.ResponseEntity<java.util.Map<java.lang.String, java.lang.Object>> org.springframework.boot.autoconfigure.web.BasicErrorController.error(javax.servlet.http.HttpServletRequest)
Mapped "{[/error],produces=[text/html]}" onto public org.springframework.web.servlet.ModelAndView org.springframework.boot.autoconfigure.web.BasicErrorController.errorHtml(javax.servlet.http.HttpServletRequest,javax.servlet.http.HttpServletResponse)
Mapped URL path [/webjars/**] onto handler of type [class org.springframework.web.servlet.resource.ResourceHttpRequestHandler]
Mapped URL path [/**] onto handler of type [class org.springframework.web.servlet.resource.ResourceHttpRequestHandler]
Mapped URL path [/**/favicon.ico] onto handler of type [class org.springframework.web.servlet.resource.ResourceHttpRequestHandler]
Started ProductCategoryServiceImplTest in 16.607 seconds (JVM running for 17.272)
Began transaction (1) for test context [DefaultTestContext@11e21d0e testClass = ProductCategoryServiceImplTest, testInstance = com.huaibei.service.impl.ProductCategoryServiceImplTest@e3899fd, testMethod = save@ProductCategoryServiceImplTest, testException = [null], mergedContextConfiguration = [WebMergedContextConfiguration@1dd02175 testClass = ProductCategoryServiceImplTest, locations = '{}', classes = '{class com.huaibei.WechatShopApplication}', contextInitializerClasses = '[]', activeProfiles = '{}', propertySourceLocations = '{}', propertySourceProperties = '{org.springframework.boot.test.context.SpringBootTestContextBootstrapper=true}', contextCustomizers = set[org.springframework.boot.test.context.SpringBootTestContextCustomizer@69ea3742, org.springframework.boot.test.context.filter.ExcludeFilterContextCustomizer@73846619, org.springframework.boot.test.mock.mockito.MockitoContextCustomizer@0, org.springframework.boot.test.autoconfigure.properties.PropertyMappingContextCustomizer@0, org.springframework.boot.test.autoconfigure.web.servlet.WebDriverContextCustomizerFactory$Customizer@6d7b4f4c], resourceBasePath = 'src/main/webapp', contextLoader = 'org.springframework.boot.test.context.SpringBootContextLoader', parent = [null]]]; transaction manager [org.springframework.orm.jpa.JpaTransactionManager@1785d194]; rollback [true]
SQL Error: 1048, SQLState: 23000
Rolled back transaction for test context [DefaultTestContext@11e21d0e testClass = ProductCategoryServiceImplTest, testInstance = com.huaibei.service.impl.ProductCategoryServiceImplTest@e3899fd, testMethod = save@ProductCategoryServiceImplTest, testException = org.springframework.dao.DataIntegrityViolationException: could not execute statement; SQL [n/a]; constraint [null]; nested exception is org.hibernate.exception.ConstraintViolationException: could not execute statement, mergedContextConfiguration = [WebMergedContextConfiguration@1dd02175 testClass = ProductCategoryServiceImplTest, locations = '{}', classes = '{class com.huaibei.WechatShopApplication}', contextInitializerClasses = '[]', activeProfiles = '{}', propertySourceLocations = '{}', propertySourceProperties = '{org.springframework.boot.test.context.SpringBootTestContextBootstrapper=true}', contextCustomizers = set[org.springframework.boot.test.context.SpringBootTestContextCustomizer@69ea3742, org.springframework.boot.test.context.filter.ExcludeFilterContextCustomizer@73846619, org.springframework.boot.test.mock.mockito.MockitoContextCustomizer@0, org.springframework.boot.test.autoconfigure.properties.PropertyMappingContextCustomizer@0, org.springframework.boot.test.autoconfigure.web.servlet.WebDriverContextCustomizerFactory$Customizer@6d7b4f4c], resourceBasePath = 'src/main/webapp', contextLoader = 'org.springframework.boot.test.context.SpringBootContextLoader', parent = [null]]].
Closing org.springframework.web.context.support.GenericWebApplicationContext@183ec003: startup date [Tue Dec 11 12:30:30 CST 2018]; root of context hierarchy
Closing JPA EntityManagerFactory for persistence unit 'default'
Starting ProductCategoryServiceImplTest on huiyongMacBook-Pro.local with PID 1046 (started by renhuiyong in /Users/renhuiyong/IdeaProjects/wechat_shop)
No active profile set, falling back to default profiles: default
Refreshing org.springframework.web.context.support.GenericWebApplicationContext@183ec003: startup date [Tue Dec 11 12:35:02 CST 2018]; root of context hierarchy
HV000001: Hibernate Validator 5.3.5.Final
Building JPA container EntityManagerFactory for persistence unit 'default'
HHH000204: Processing PersistenceUnitInfo [
	name: default
	...]
HHH000412: Hibernate Core {5.0.12.Final}
HHH000206: hibernate.properties not found
HHH000021: Bytecode provider name : javassist
HCANN000001: Hibernate Commons Annotations {5.0.1.Final}
HHH000400: Using dialect: org.hibernate.dialect.MySQL5Dialect
Initialized JPA EntityManagerFactory for persistence unit 'default'
Looking for @ControllerAdvice: org.springframework.web.context.support.GenericWebApplicationContext@183ec003: startup date [Tue Dec 11 12:35:02 CST 2018]; root of context hierarchy
Mapped "{[/error]}" onto public org.springframework.http.ResponseEntity<java.util.Map<java.lang.String, java.lang.Object>> org.springframework.boot.autoconfigure.web.BasicErrorController.error(javax.servlet.http.HttpServletRequest)
Mapped "{[/error],produces=[text/html]}" onto public org.springframework.web.servlet.ModelAndView org.springframework.boot.autoconfigure.web.BasicErrorController.errorHtml(javax.servlet.http.HttpServletRequest,javax.servlet.http.HttpServletResponse)
Mapped URL path [/webjars/**] onto handler of type [class org.springframework.web.servlet.resource.ResourceHttpRequestHandler]
Mapped URL path [/**] onto handler of type [class org.springframework.web.servlet.resource.ResourceHttpRequestHandler]
Mapped URL path [/**/favicon.ico] onto handler of type [class org.springframework.web.servlet.resource.ResourceHttpRequestHandler]
Started ProductCategoryServiceImplTest in 20.757 seconds (JVM running for 21.433)
Began transaction (1) for test context [DefaultTestContext@11e21d0e testClass = ProductCategoryServiceImplTest, testInstance = com.huaibei.service.impl.ProductCategoryServiceImplTest@241b971f, testMethod = save@ProductCategoryServiceImplTest, testException = [null], mergedContextConfiguration = [WebMergedContextConfiguration@1dd02175 testClass = ProductCategoryServiceImplTest, locations = '{}', classes = '{class com.huaibei.WechatShopApplication}', contextInitializerClasses = '[]', activeProfiles = '{}', propertySourceLocations = '{}', propertySourceProperties = '{org.springframework.boot.test.context.SpringBootTestContextBootstrapper=true}', contextCustomizers = set[org.springframework.boot.test.context.SpringBootTestContextCustomizer@69ea3742, org.springframework.boot.test.context.filter.ExcludeFilterContextCustomizer@73846619, org.springframework.boot.test.mock.mockito.MockitoContextCustomizer@0, org.springframework.boot.test.autoconfigure.properties.PropertyMappingContextCustomizer@0, org.springframework.boot.test.autoconfigure.web.servlet.WebDriverContextCustomizerFactory$Customizer@6d7b4f4c], resourceBasePath = 'src/main/webapp', contextLoader = 'org.springframework.boot.test.context.SpringBootContextLoader', parent = [null]]]; transaction manager [org.springframework.orm.jpa.JpaTransactionManager@1b8aaeab]; rollback [true]
SQL Error: 1048, SQLState: 23000
Rolled back transaction for test context [DefaultTestContext@11e21d0e testClass = ProductCategoryServiceImplTest, testInstance = com.huaibei.service.impl.ProductCategoryServiceImplTest@241b971f, testMethod = save@ProductCategoryServiceImplTest, testException = org.springframework.dao.DataIntegrityViolationException: could not execute statement; SQL [n/a]; constraint [null]; nested exception is org.hibernate.exception.ConstraintViolationException: could not execute statement, mergedContextConfiguration = [WebMergedContextConfiguration@1dd02175 testClass = ProductCategoryServiceImplTest, locations = '{}', classes = '{class com.huaibei.WechatShopApplication}', contextInitializerClasses = '[]', activeProfiles = '{}', propertySourceLocations = '{}', propertySourceProperties = '{org.springframework.boot.test.context.SpringBootTestContextBootstrapper=true}', contextCustomizers = set[org.springframework.boot.test.context.SpringBootTestContextCustomizer@69ea3742, org.springframework.boot.test.context.filter.ExcludeFilterContextCustomizer@73846619, org.springframework.boot.test.mock.mockito.MockitoContextCustomizer@0, org.springframework.boot.test.autoconfigure.properties.PropertyMappingContextCustomizer@0, org.springframework.boot.test.autoconfigure.web.servlet.WebDriverContextCustomizerFactory$Customizer@6d7b4f4c], resourceBasePath = 'src/main/webapp', contextLoader = 'org.springframework.boot.test.context.SpringBootContextLoader', parent = [null]]].
Closing org.springframework.web.context.support.GenericWebApplicationContext@183ec003: startup date [Tue Dec 11 12:35:02 CST 2018]; root of context hierarchy
Closing JPA EntityManagerFactory for persistence unit 'default'
Starting ProductCategoryServiceImplTest on huiyongMacBook-Pro.local with PID 1073 (started by renhuiyong in /Users/renhuiyong/IdeaProjects/wechat_shop)
No active profile set, falling back to default profiles: default
Refreshing org.springframework.web.context.support.GenericWebApplicationContext@183ec003: startup date [Tue Dec 11 12:49:23 CST 2018]; root of context hierarchy
HV000001: Hibernate Validator 5.3.5.Final
Building JPA container EntityManagerFactory for persistence unit 'default'
HHH000204: Processing PersistenceUnitInfo [
	name: default
	...]
HHH000412: Hibernate Core {5.0.12.Final}
HHH000206: hibernate.properties not found
HHH000021: Bytecode provider name : javassist
HCANN000001: Hibernate Commons Annotations {5.0.1.Final}
HHH000400: Using dialect: org.hibernate.dialect.MySQL5Dialect
Initialized JPA EntityManagerFactory for persistence unit 'default'
Looking for @ControllerAdvice: org.springframework.web.context.support.GenericWebApplicationContext@183ec003: startup date [Tue Dec 11 12:49:23 CST 2018]; root of context hierarchy
Mapped "{[/error]}" onto public org.springframework.http.ResponseEntity<java.util.Map<java.lang.String, java.lang.Object>> org.springframework.boot.autoconfigure.web.BasicErrorController.error(javax.servlet.http.HttpServletRequest)
Mapped "{[/error],produces=[text/html]}" onto public org.springframework.web.servlet.ModelAndView org.springframework.boot.autoconfigure.web.BasicErrorController.errorHtml(javax.servlet.http.HttpServletRequest,javax.servlet.http.HttpServletResponse)
Mapped URL path [/webjars/**] onto handler of type [class org.springframework.web.servlet.resource.ResourceHttpRequestHandler]
Mapped URL path [/**] onto handler of type [class org.springframework.web.servlet.resource.ResourceHttpRequestHandler]
Mapped URL path [/**/favicon.ico] onto handler of type [class org.springframework.web.servlet.resource.ResourceHttpRequestHandler]
Started ProductCategoryServiceImplTest in 16.522 seconds (JVM running for 17.193)
Began transaction (1) for test context [DefaultTestContext@11e21d0e testClass = ProductCategoryServiceImplTest, testInstance = com.huaibei.service.impl.ProductCategoryServiceImplTest@4f3c7808, testMethod = save@ProductCategoryServiceImplTest, testException = [null], mergedContextConfiguration = [WebMergedContextConfiguration@1dd02175 testClass = ProductCategoryServiceImplTest, locations = '{}', classes = '{class com.huaibei.WechatShopApplication}', contextInitializerClasses = '[]', activeProfiles = '{}', propertySourceLocations = '{}', propertySourceProperties = '{org.springframework.boot.test.context.SpringBootTestContextBootstrapper=true}', contextCustomizers = set[org.springframework.boot.test.context.SpringBootTestContextCustomizer@69ea3742, org.springframework.boot.test.context.filter.ExcludeFilterContextCustomizer@73846619, org.springframework.boot.test.mock.mockito.MockitoContextCustomizer@0, org.springframework.boot.test.autoconfigure.properties.PropertyMappingContextCustomizer@0, org.springframework.boot.test.autoconfigure.web.servlet.WebDriverContextCustomizerFactory$Customizer@6d7b4f4c], resourceBasePath = 'src/main/webapp', contextLoader = 'org.springframework.boot.test.context.SpringBootContextLoader', parent = [null]]]; transaction manager [org.springframework.orm.jpa.JpaTransactionManager@682e422c]; rollback [true]
SQL Error: 1048, SQLState: 23000
Rolled back transaction for test context [DefaultTestContext@11e21d0e testClass = ProductCategoryServiceImplTest, testInstance = com.huaibei.service.impl.ProductCategoryServiceImplTest@4f3c7808, testMethod = save@ProductCategoryServiceImplTest, testException = org.springframework.dao.DataIntegrityViolationException: could not execute statement; SQL [n/a]; constraint [null]; nested exception is org.hibernate.exception.ConstraintViolationException: could not execute statement, mergedContextConfiguration = [WebMergedContextConfiguration@1dd02175 testClass = ProductCategoryServiceImplTest, locations = '{}', classes = '{class com.huaibei.WechatShopApplication}', contextInitializerClasses = '[]', activeProfiles = '{}', propertySourceLocations = '{}', propertySourceProperties = '{org.springframework.boot.test.context.SpringBootTestContextBootstrapper=true}', contextCustomizers = set[org.springframework.boot.test.context.SpringBootTestContextCustomizer@69ea3742, org.springframework.boot.test.context.filter.ExcludeFilterContextCustomizer@73846619, org.springframework.boot.test.mock.mockito.MockitoContextCustomizer@0, org.springframework.boot.test.autoconfigure.properties.PropertyMappingContextCustomizer@0, org.springframework.boot.test.autoconfigure.web.servlet.WebDriverContextCustomizerFactory$Customizer@6d7b4f4c], resourceBasePath = 'src/main/webapp', contextLoader = 'org.springframework.boot.test.context.SpringBootContextLoader', parent = [null]]].
Closing org.springframework.web.context.support.GenericWebApplicationContext@183ec003: startup date [Tue Dec 11 12:49:23 CST 2018]; root of context hierarchy
Closing JPA EntityManagerFactory for persistence unit 'default'
Starting ProductCategoryServiceImplTest on huiyongMacBook-Pro.local with PID 1099 (started by renhuiyong in /Users/renhuiyong/IdeaProjects/wechat_shop)
No active profile set, falling back to default profiles: default
Refreshing org.springframework.web.context.support.GenericWebApplicationContext@183ec003: startup date [Tue Dec 11 12:54:42 CST 2018]; root of context hierarchy
HV000001: Hibernate Validator 5.3.5.Final
Building JPA container EntityManagerFactory for persistence unit 'default'
HHH000204: Processing PersistenceUnitInfo [
	name: default
	...]
HHH000412: Hibernate Core {5.0.12.Final}
HHH000206: hibernate.properties not found
HHH000021: Bytecode provider name : javassist
HCANN000001: Hibernate Commons Annotations {5.0.1.Final}
HHH000400: Using dialect: org.hibernate.dialect.MySQL5Dialect
Initialized JPA EntityManagerFactory for persistence unit 'default'
Looking for @ControllerAdvice: org.springframework.web.context.support.GenericWebApplicationContext@183ec003: startup date [Tue Dec 11 12:54:42 CST 2018]; root of context hierarchy
Mapped "{[/error]}" onto public org.springframework.http.ResponseEntity<java.util.Map<java.lang.String, java.lang.Object>> org.springframework.boot.autoconfigure.web.BasicErrorController.error(javax.servlet.http.HttpServletRequest)
Mapped "{[/error],produces=[text/html]}" onto public org.springframework.web.servlet.ModelAndView org.springframework.boot.autoconfigure.web.BasicErrorController.errorHtml(javax.servlet.http.HttpServletRequest,javax.servlet.http.HttpServletResponse)
Mapped URL path [/webjars/**] onto handler of type [class org.springframework.web.servlet.resource.ResourceHttpRequestHandler]
Mapped URL path [/**] onto handler of type [class org.springframework.web.servlet.resource.ResourceHttpRequestHandler]
Mapped URL path [/**/favicon.ico] onto handler of type [class org.springframework.web.servlet.resource.ResourceHttpRequestHandler]
Started ProductCategoryServiceImplTest in 16.49 seconds (JVM running for 17.212)
Began transaction (1) for test context [DefaultTestContext@11e21d0e testClass = ProductCategoryServiceImplTest, testInstance = com.huaibei.service.impl.ProductCategoryServiceImplTest@4f3c7808, testMethod = save@ProductCategoryServiceImplTest, testException = [null], mergedContextConfiguration = [WebMergedContextConfiguration@1dd02175 testClass = ProductCategoryServiceImplTest, locations = '{}', classes = '{class com.huaibei.WechatShopApplication}', contextInitializerClasses = '[]', activeProfiles = '{}', propertySourceLocations = '{}', propertySourceProperties = '{org.springframework.boot.test.context.SpringBootTestContextBootstrapper=true}', contextCustomizers = set[org.springframework.boot.test.context.SpringBootTestContextCustomizer@69ea3742, org.springframework.boot.test.context.filter.ExcludeFilterContextCustomizer@73846619, org.springframework.boot.test.mock.mockito.MockitoContextCustomizer@0, org.springframework.boot.test.autoconfigure.properties.PropertyMappingContextCustomizer@0, org.springframework.boot.test.autoconfigure.web.servlet.WebDriverContextCustomizerFactory$Customizer@6d7b4f4c], resourceBasePath = 'src/main/webapp', contextLoader = 'org.springframework.boot.test.context.SpringBootContextLoader', parent = [null]]]; transaction manager [org.springframework.orm.jpa.JpaTransactionManager@682e422c]; rollback [true]
SQL Error: 1048, SQLState: 23000
Rolled back transaction for test context [DefaultTestContext@11e21d0e testClass = ProductCategoryServiceImplTest, testInstance = com.huaibei.service.impl.ProductCategoryServiceImplTest@4f3c7808, testMethod = save@ProductCategoryServiceImplTest, testException = org.springframework.dao.DataIntegrityViolationException: could not execute statement; SQL [n/a]; constraint [null]; nested exception is org.hibernate.exception.ConstraintViolationException: could not execute statement, mergedContextConfiguration = [WebMergedContextConfiguration@1dd02175 testClass = ProductCategoryServiceImplTest, locations = '{}', classes = '{class com.huaibei.WechatShopApplication}', contextInitializerClasses = '[]', activeProfiles = '{}', propertySourceLocations = '{}', propertySourceProperties = '{org.springframework.boot.test.context.SpringBootTestContextBootstrapper=true}', contextCustomizers = set[org.springframework.boot.test.context.SpringBootTestContextCustomizer@69ea3742, org.springframework.boot.test.context.filter.ExcludeFilterContextCustomizer@73846619, org.springframework.boot.test.mock.mockito.MockitoContextCustomizer@0, org.springframework.boot.test.autoconfigure.properties.PropertyMappingContextCustomizer@0, org.springframework.boot.test.autoconfigure.web.servlet.WebDriverContextCustomizerFactory$Customizer@6d7b4f4c], resourceBasePath = 'src/main/webapp', contextLoader = 'org.springframework.boot.test.context.SpringBootContextLoader', parent = [null]]].
Closing org.springframework.web.context.support.GenericWebApplicationContext@183ec003: startup date [Tue Dec 11 12:54:42 CST 2018]; root of context hierarchy
Closing JPA EntityManagerFactory for persistence unit 'default'
Starting ProductCategoryServiceImplTest on huiyongMacBook-Pro.local with PID 1112 (started by renhuiyong in /Users/renhuiyong/IdeaProjects/wechat_shop)
No active profile set, falling back to default profiles: default
Refreshing org.springframework.web.context.support.GenericWebApplicationContext@183ec003: startup date [Tue Dec 11 12:58:58 CST 2018]; root of context hierarchy
HV000001: Hibernate Validator 5.3.5.Final
Building JPA container EntityManagerFactory for persistence unit 'default'
HHH000204: Processing PersistenceUnitInfo [
	name: default
	...]
HHH000412: Hibernate Core {5.0.12.Final}
HHH000206: hibernate.properties not found
HHH000021: Bytecode provider name : javassist
HCANN000001: Hibernate Commons Annotations {5.0.1.Final}
HHH000400: Using dialect: org.hibernate.dialect.MySQL5Dialect
Initialized JPA EntityManagerFactory for persistence unit 'default'
Looking for @ControllerAdvice: org.springframework.web.context.support.GenericWebApplicationContext@183ec003: startup date [Tue Dec 11 12:58:58 CST 2018]; root of context hierarchy
Mapped "{[/error]}" onto public org.springframework.http.ResponseEntity<java.util.Map<java.lang.String, java.lang.Object>> org.springframework.boot.autoconfigure.web.BasicErrorController.error(javax.servlet.http.HttpServletRequest)
Mapped "{[/error],produces=[text/html]}" onto public org.springframework.web.servlet.ModelAndView org.springframework.boot.autoconfigure.web.BasicErrorController.errorHtml(javax.servlet.http.HttpServletRequest,javax.servlet.http.HttpServletResponse)
Mapped URL path [/webjars/**] onto handler of type [class org.springframework.web.servlet.resource.ResourceHttpRequestHandler]
Mapped URL path [/**] onto handler of type [class org.springframework.web.servlet.resource.ResourceHttpRequestHandler]
Mapped URL path [/**/favicon.ico] onto handler of type [class org.springframework.web.servlet.resource.ResourceHttpRequestHandler]
Started ProductCategoryServiceImplTest in 16.961 seconds (JVM running for 17.684)
Began transaction (1) for test context [DefaultTestContext@11e21d0e testClass = ProductCategoryServiceImplTest, testInstance = com.huaibei.service.impl.ProductCategoryServiceImplTest@5384ce66, testMethod = save@ProductCategoryServiceImplTest, testException = [null], mergedContextConfiguration = [WebMergedContextConfiguration@1dd02175 testClass = ProductCategoryServiceImplTest, locations = '{}', classes = '{class com.huaibei.WechatShopApplication}', contextInitializerClasses = '[]', activeProfiles = '{}', propertySourceLocations = '{}', propertySourceProperties = '{org.springframework.boot.test.context.SpringBootTestContextBootstrapper=true}', contextCustomizers = set[org.springframework.boot.test.context.SpringBootTestContextCustomizer@69ea3742, org.springframework.boot.test.context.filter.ExcludeFilterContextCustomizer@73846619, org.springframework.boot.test.mock.mockito.MockitoContextCustomizer@0, org.springframework.boot.test.autoconfigure.properties.PropertyMappingContextCustomizer@0, org.springframework.boot.test.autoconfigure.web.servlet.WebDriverContextCustomizerFactory$Customizer@6d7b4f4c], resourceBasePath = 'src/main/webapp', contextLoader = 'org.springframework.boot.test.context.SpringBootContextLoader', parent = [null]]]; transaction manager [org.springframework.orm.jpa.JpaTransactionManager@6812c8cc]; rollback [true]
Rolled back transaction for test context [DefaultTestContext@11e21d0e testClass = ProductCategoryServiceImplTest, testInstance = com.huaibei.service.impl.ProductCategoryServiceImplTest@5384ce66, testMethod = save@ProductCategoryServiceImplTest, testException = [null], mergedContextConfiguration = [WebMergedContextConfiguration@1dd02175 testClass = ProductCategoryServiceImplTest, locations = '{}', classes = '{class com.huaibei.WechatShopApplication}', contextInitializerClasses = '[]', activeProfiles = '{}', propertySourceLocations = '{}', propertySourceProperties = '{org.springframework.boot.test.context.SpringBootTestContextBootstrapper=true}', contextCustomizers = set[org.springframework.boot.test.context.SpringBootTestContextCustomizer@69ea3742, org.springframework.boot.test.context.filter.ExcludeFilterContextCustomizer@73846619, org.springframework.boot.test.mock.mockito.MockitoContextCustomizer@0, org.springframework.boot.test.autoconfigure.properties.PropertyMappingContextCustomizer@0, org.springframework.boot.test.autoconfigure.web.servlet.WebDriverContextCustomizerFactory$Customizer@6d7b4f4c], resourceBasePath = 'src/main/webapp', contextLoader = 'org.springframework.boot.test.context.SpringBootContextLoader', parent = [null]]].
Closing org.springframework.web.context.support.GenericWebApplicationContext@183ec003: startup date [Tue Dec 11 12:58:58 CST 2018]; root of context hierarchy
Closing JPA EntityManagerFactory for persistence unit 'default'
